\BOOKMARK [0][-]{chapter.1}{Introduction}{}% 1
\BOOKMARK [0][-]{chapter.2}{Theoretical background}{}% 2
\BOOKMARK [1][-]{section.2.1}{Web applications}{chapter.2}% 3
\BOOKMARK [1][-]{section.2.2}{Vaadin}{chapter.2}% 4
\BOOKMARK [1][-]{section.2.3}{Testing}{chapter.2}% 5
\BOOKMARK [0][-]{chapter.3}{Web testing}{}% 6
\BOOKMARK [1][-]{section.3.1}{Capture and Replay}{chapter.3}% 7
\BOOKMARK [1][-]{section.3.2}{Programmable tests}{chapter.3}% 8
\BOOKMARK [1][-]{section.3.3}{Capture and Replay vs Programmable tests}{chapter.3}% 9
\BOOKMARK [1][-]{section.3.4}{Challenges}{chapter.3}% 10
\BOOKMARK [2][-]{subsection.3.4.1}{Look and feel testing}{section.3.4}% 11
\BOOKMARK [2][-]{subsection.3.4.2}{Complex DOM structure}{section.3.4}% 12
\BOOKMARK [0][-]{chapter.4}{Selenium}{}% 13
\BOOKMARK [0][-]{chapter.5}{Reason for developing Testbench}{}% 14
\BOOKMARK [1][-]{section.5.1}{Client server communication}{chapter.5}% 15
\BOOKMARK [1][-]{section.5.2}{Extra code}{chapter.5}% 16
\BOOKMARK [0][-]{chapter.6}{Development of Testbench}{}% 17
\BOOKMARK [1][-]{section.6.1}{Scrum}{chapter.6}% 18
\BOOKMARK [1][-]{section.6.2}{Test Driven Development}{chapter.6}% 19
\BOOKMARK [1][-]{section.6.3}{Tools used}{chapter.6}% 20
\BOOKMARK [2][-]{subsection.6.3.1}{Maven}{section.6.3}% 21
\BOOKMARK [2][-]{subsection.6.3.2}{Trac}{section.6.3}% 22
\BOOKMARK [2][-]{subsection.6.3.3}{Git}{section.6.3}% 23
\BOOKMARK [2][-]{subsection.6.3.4}{Teamcity}{section.6.3}% 24
\BOOKMARK [2][-]{subsection.6.3.5}{Gerrit}{section.6.3}% 25
\BOOKMARK [1][-]{section.6.4}{Testbench class diagram}{chapter.6}% 26
\BOOKMARK [1][-]{section.6.5}{Basic test case structure}{chapter.6}% 27
\BOOKMARK [1][-]{section.6.6}{Results}{chapter.6}% 28
\BOOKMARK [0][-]{chapter.7}{Testbench vs Selenium}{}% 29
\BOOKMARK [1][-]{section.7.1}{API built specifically for Vaadin components}{chapter.7}% 30
\BOOKMARK [1][-]{section.7.2}{Client server communication}{chapter.7}% 31
\BOOKMARK [1][-]{section.7.3}{Screenshot comparison}{chapter.7}% 32
\BOOKMARK [1][-]{section.7.4}{Parallel testing}{chapter.7}% 33
\BOOKMARK [0][-]{chapter.8}{Testbench use}{}% 34
\BOOKMARK [1][-]{section.8.1}{Integrating with Behaviour-Driven Development frameworks}{chapter.8}% 35
\BOOKMARK [0][-]{chapter.9}{Conclusion}{}% 36
\BOOKMARK [1][-]{section.9.1}{Discussion and Conclussion}{chapter.9}% 37
\BOOKMARK [2][-]{subsection.9.1.1}{Summary}{section.9.1}% 38
\BOOKMARK [2][-]{subsection.9.1.2}{Advantages and disadvantages}{section.9.1}% 39
\BOOKMARK [2][-]{subsection.9.1.3}{Future work}{section.9.1}% 40
\BOOKMARK [1][-]{section.Alph0.1}{Appendix A}{chapter.9}% 41
\BOOKMARK [1][-]{section.Alph0.1}{Appendix B}{chapter.9}% 42
\BOOKMARK [0][-]{appendix.A}{Introduction}{}% 43
\BOOKMARK [0][-]{appendix.B}{Theoretical background}{}% 44
\BOOKMARK [1][-]{section.B.1}{Web applications}{appendix.B}% 45
\BOOKMARK [1][-]{section.B.2}{Vaadin}{appendix.B}% 46
\BOOKMARK [1][-]{section.B.3}{Testing}{appendix.B}% 47
\BOOKMARK [0][-]{appendix.C}{Web testing}{}% 48
\BOOKMARK [1][-]{section.C.1}{Capture and Replay}{appendix.C}% 49
\BOOKMARK [1][-]{section.C.2}{Programmable tests}{appendix.C}% 50
\BOOKMARK [1][-]{section.C.3}{Capture and Replay vs Programmable tests}{appendix.C}% 51
\BOOKMARK [1][-]{section.C.4}{Challenges}{appendix.C}% 52
\BOOKMARK [2][-]{subsection.C.4.1}{Look and feel testing}{section.C.4}% 53
\BOOKMARK [2][-]{subsection.C.4.2}{Complex DOM structure}{section.C.4}% 54
\BOOKMARK [0][-]{appendix.D}{Selenium}{}% 55
\BOOKMARK [0][-]{appendix.E}{Reason for developing Testbench}{}% 56
\BOOKMARK [1][-]{section.E.1}{Client server communication}{appendix.E}% 57
\BOOKMARK [1][-]{section.E.2}{Extra code}{appendix.E}% 58
\BOOKMARK [0][-]{appendix.F}{Development of Testbench}{}% 59
\BOOKMARK [1][-]{section.F.1}{Scrum}{appendix.F}% 60
\BOOKMARK [1][-]{section.F.2}{Test Driven Development}{appendix.F}% 61
\BOOKMARK [1][-]{section.F.3}{Tools used}{appendix.F}% 62
\BOOKMARK [2][-]{subsection.F.3.1}{Maven}{section.F.3}% 63
\BOOKMARK [2][-]{subsection.F.3.2}{Trac}{section.F.3}% 64
\BOOKMARK [2][-]{subsection.F.3.3}{Git}{section.F.3}% 65
\BOOKMARK [2][-]{subsection.F.3.4}{Teamcity}{section.F.3}% 66
\BOOKMARK [2][-]{subsection.F.3.5}{Gerrit}{section.F.3}% 67
\BOOKMARK [1][-]{section.F.4}{Testbench class diagram}{appendix.F}% 68
\BOOKMARK [1][-]{section.F.5}{Basic test case structure}{appendix.F}% 69
\BOOKMARK [1][-]{section.F.6}{Results}{appendix.F}% 70
\BOOKMARK [0][-]{appendix.G}{Testbench vs Selenium}{}% 71
\BOOKMARK [1][-]{section.G.1}{API built specifically for Vaadin components}{appendix.G}% 72
\BOOKMARK [1][-]{section.G.2}{Client server communication}{appendix.G}% 73
\BOOKMARK [1][-]{section.G.3}{Screenshot comparison}{appendix.G}% 74
\BOOKMARK [1][-]{section.G.4}{Parallel testing}{appendix.G}% 75
\BOOKMARK [0][-]{appendix.H}{Testbench use}{}% 76
\BOOKMARK [1][-]{section.H.1}{Integrating with Behaviour-Driven Development frameworks}{appendix.H}% 77
\BOOKMARK [0][-]{appendix.I}{Conclusion}{}% 78
\BOOKMARK [1][-]{section.I.1}{Discussion and Conclussion}{appendix.I}% 79
\BOOKMARK [2][-]{subsection.I.1.1}{Summary}{section.I.1}% 80
\BOOKMARK [2][-]{subsection.I.1.2}{Advantages and disadvantages}{section.I.1}% 81
\BOOKMARK [2][-]{subsection.I.1.3}{Future work}{section.I.1}% 82
\BOOKMARK [1][-]{section.Alph0.1}{Appendix A}{appendix.I}% 83
\BOOKMARK [1][-]{section.Alph0.1}{Appendix B}{appendix.I}% 84
