\BOOKMARK [0][-]{chapter.1}{Introduction}{}% 1
\BOOKMARK [0][-]{chapter.2}{Theoretical background}{}% 2
\BOOKMARK [1][-]{section.2.1}{Web applications}{chapter.2}% 3
\BOOKMARK [1][-]{section.2.2}{Vaadin}{chapter.2}% 4
\BOOKMARK [1][-]{section.2.3}{Testing}{chapter.2}% 5
\BOOKMARK [0][-]{chapter.3}{Web testing}{}% 6
\BOOKMARK [1][-]{section.3.1}{Capture and Replay}{chapter.3}% 7
\BOOKMARK [1][-]{section.3.2}{Programmable tests}{chapter.3}% 8
\BOOKMARK [1][-]{section.3.3}{Capture and Replay vs Programmable tests}{chapter.3}% 9
\BOOKMARK [1][-]{section.3.4}{Challenges}{chapter.3}% 10
\BOOKMARK [2][-]{subsection.3.4.1}{Look and feel testing}{section.3.4}% 11
\BOOKMARK [2][-]{subsection.3.4.2}{Complex DOM structure}{section.3.4}% 12
\BOOKMARK [0][-]{chapter.4}{Selenium}{}% 13
\BOOKMARK [0][-]{chapter.5}{Reason for developing Testbench}{}% 14
\BOOKMARK [1][-]{section.5.1}{Client server communication}{chapter.5}% 15
\BOOKMARK [1][-]{section.5.2}{Extra code}{chapter.5}% 16
\BOOKMARK [0][-]{chapter.6}{Development of Testbench}{}% 17
\BOOKMARK [1][-]{section.6.1}{Scrum}{chapter.6}% 18
\BOOKMARK [1][-]{section.6.2}{Test Driven Development}{chapter.6}% 19
\BOOKMARK [1][-]{section.6.3}{Tools used}{chapter.6}% 20
\BOOKMARK [2][-]{subsection.6.3.1}{Maven}{section.6.3}% 21
\BOOKMARK [2][-]{subsection.6.3.2}{Trac}{section.6.3}% 22
\BOOKMARK [2][-]{subsection.6.3.3}{Git}{section.6.3}% 23
\BOOKMARK [2][-]{subsection.6.3.4}{Teamcity}{section.6.3}% 24
\BOOKMARK [2][-]{subsection.6.3.5}{Gerrit}{section.6.3}% 25
\BOOKMARK [1][-]{section.6.4}{Architecture design}{chapter.6}% 26
\BOOKMARK [1][-]{section.6.5}{Basic test case structure}{chapter.6}% 27
\BOOKMARK [1][-]{section.6.6}{Results}{chapter.6}% 28
\BOOKMARK [0][-]{chapter.7}{Testbench vs Selenium}{}% 29
\BOOKMARK [1][-]{section.7.1}{API built specifically for Vaadin components}{chapter.7}% 30
\BOOKMARK [1][-]{section.7.2}{Client server communication}{chapter.7}% 31
\BOOKMARK [1][-]{section.7.3}{Screenshot comparison}{chapter.7}% 32
\BOOKMARK [1][-]{section.7.4}{Parallel testing}{chapter.7}% 33
\BOOKMARK [0][-]{chapter.8}{Testbench use}{}% 34
\BOOKMARK [1][-]{section.8.1}{Integrating with Behaviour-Driven Development frameworks}{chapter.8}% 35
\BOOKMARK [0][-]{chapter.9}{Conclusion}{}% 36
\BOOKMARK [1][-]{section.9.1}{Discussion and Conclussion}{chapter.9}% 37
\BOOKMARK [2][-]{subsection.9.1.1}{Summary}{section.9.1}% 38
\BOOKMARK [2][-]{subsection.9.1.2}{Advantages and disadvantages}{section.9.1}% 39
\BOOKMARK [2][-]{subsection.9.1.3}{Future work}{section.9.1}% 40
\BOOKMARK [1][-]{section.Alph0.1}{Appendix A}{chapter.9}% 41
\BOOKMARK [1][-]{section.Alph0.1}{Appendix B}{chapter.9}% 42
